#
# There is insufficient memory for the Java Runtime Environment to continue.
# Native memory allocation (malloc) failed to allocate 1846416 bytes. Error detail: Chunk::new
# Possible reasons:
#   The system is out of physical RAM or swap space
#   This process is running with CompressedOops enabled, and the Java Heap may be blocking the growth of the native heap
# Possible solutions:
#   Reduce memory load on the system
#   Increase physical memory or swap space
#   Check if swap backing store is full
#   Decrease Java heap size (-Xmx/-Xms)
#   Decrease number of Java threads
#   Decrease Java thread stack sizes (-Xss)
#   Set larger code cache with -XX:ReservedCodeCacheSize=
#   JVM is running with Unscaled Compressed Oops mode in which the Java heap is
#     placed in the first 4GB address space. The Java Heap base address is the
#     maximum limit for the native heap growth. Please use -XX:HeapBaseMinAddress
#     to set the Java Heap base and to place the Java Heap above 4GB virtual address.
# This output file may be truncated or incomplete.
#
#  Out of Memory Error (arena.cpp:149), pid=12284, tid=14696
#
# JRE version: OpenJDK Runtime Environment (23.0.1+11) (build 23.0.1+11-39)
# Java VM: OpenJDK 64-Bit Server VM (23.0.1+11-39, mixed mode, sharing, tiered, compressed oops, compressed class ptrs, g1 gc, windows-amd64)
# No core dump will be written. Minidumps are not enabled by default on client versions of Windows
#

---------------  S U M M A R Y ------------

Command Line: -javaagent:C:\Program Files\JetBrains\IntelliJ IDEA Community Edition 2024.3.1\lib\idea_rt.jar=50832:C:\Program Files\JetBrains\IntelliJ IDEA Community Edition 2024.3.1\bin -Dfile.encoding=UTF-8 -Dsun.stdout.encoding=UTF-8 -Dsun.stderr.encoding=UTF-8 transvic.transviconn.TransviconnApplication

Host: Intel(R) Celeron(R) N4020 CPU @ 1.10GHz, 2 cores, 3G,  Windows 11 , 64 bit Build 26100 (10.0.26100.3912)
Time: Sat May 17 20:46:12 2025 Hora Padrão da Bahia elapsed time: 81.274163 seconds (0d 0h 1m 21s)

---------------  T H R E A D  ---------------

Current thread (0x000001d7cbca3d70):  JavaThread "C2 CompilerThread0" daemon [_thread_in_native, id=14696, stack(0x0000004bc3d00000,0x0000004bc3e00000) (1024K)]


Current CompileTask:
C2:81274 7212       4       org.springframework.core.ResolvableType::hasGenerics (14 bytes)

Stack: [0x0000004bc3d00000,0x0000004bc3e00000]
Native frames: (J=compiled Java code, j=interpreted, Vv=VM code, C=native code)
V  [jvm.dll+0x6e08b9]  (no source info available)
V  [jvm.dll+0x87dc83]  (no source info available)
V  [jvm.dll+0x88010e]  (no source info available)
V  [jvm.dll+0x8807e3]  (no source info available)
V  [jvm.dll+0x27aee6]  (no source info available)
V  [jvm.dll+0xbc06f]  (no source info available)
V  [jvm.dll+0xbc2cb]  (no source info available)
V  [jvm.dll+0x3b3a62]  (no source info available)
V  [jvm.dll+0x38a42b]  (no source info available)
V  [jvm.dll+0x38989a]  (no source info available)
V  [jvm.dll+0x244aa1]  (no source info available)
V  [jvm.dll+0x243dff]  (no source info available)
V  [jvm.dll+0x1c33a0]  (no source info available)
V  [jvm.dll+0x253cf1]  (no source info available)
V  [jvm.dll+0x251faa]  (no source info available)
V  [jvm.dll+0x3ee036]  (no source info available)
V  [jvm.dll+0x824f8b]  (no source info available)
V  [jvm.dll+0x6df065]  (no source info available)
C  [ucrtbase.dll+0x37b0]  (no source info available)
C  [KERNEL32.DLL+0x2e8d7]  (no source info available)
C  [ntdll.dll+0x9c5dc]  (no source info available)

Lock stack of current Java thread (top to bottom):


---------------  P R O C E S S  ---------------

Threads class SMR info:
_java_thread_list=0x000001d8135e4920, length=31, elements={
0x000001d7cbc968f0, 0x000001d7cbc9b090, 0x000001d7cbca00b0, 0x000001d7cbca0b10,
0x000001d7cbca1570, 0x000001d7cbca2fe0, 0x000001d7cbca3d70, 0x000001d7cbcaa9d0,
0x000001d8110530e0, 0x000001d811515540, 0x000001d811312cb0, 0x000001d8136a3e30,
0x000001d8136a16d0, 0x000001d8136a2a80, 0x000001d8136a3110, 0x000001d8136a44c0,
0x000001d7cbce9970, 0x000001d7cbcec0d0, 0x000001d7cbcead20, 0x000001d7cbcea000,
0x000001d7cbcee1a0, 0x000001d7cbcee830, 0x000001d7cbcedb10, 0x000001d7cbceb3b0,
0x000001d7cbced480, 0x000001d7cbceeec0, 0x000001d7cbceba40, 0x000001d7cbcf0900,
0x000001d7cbcef550, 0x000001d7cbcf0f90, 0x000001d7cbcefbe0
}

Java Threads: ( => current thread )
  0x000001d7cbc968f0 JavaThread "Reference Handler"          daemon [_thread_blocked, id=27992, stack(0x0000004bc3700000,0x0000004bc3800000) (1024K)]
  0x000001d7cbc9b090 JavaThread "Finalizer"                  daemon [_thread_blocked, id=7216, stack(0x0000004bc3800000,0x0000004bc3900000) (1024K)]
  0x000001d7cbca00b0 JavaThread "Signal Dispatcher"          daemon [_thread_blocked, id=5140, stack(0x0000004bc3900000,0x0000004bc3a00000) (1024K)]
  0x000001d7cbca0b10 JavaThread "Attach Listener"            daemon [_thread_blocked, id=2668, stack(0x0000004bc3a00000,0x0000004bc3b00000) (1024K)]
  0x000001d7cbca1570 JavaThread "Service Thread"             daemon [_thread_blocked, id=20936, stack(0x0000004bc3b00000,0x0000004bc3c00000) (1024K)]
  0x000001d7cbca2fe0 JavaThread "Monitor Deflation Thread"   daemon [_thread_blocked, id=7920, stack(0x0000004bc3c00000,0x0000004bc3d00000) (1024K)]
=>0x000001d7cbca3d70 JavaThread "C2 CompilerThread0"         daemon [_thread_in_native, id=14696, stack(0x0000004bc3d00000,0x0000004bc3e00000) (1024K)]
  0x000001d7cbcaa9d0 JavaThread "C1 CompilerThread0"         daemon [_thread_blocked, id=15468, stack(0x0000004bc3e00000,0x0000004bc3f00000) (1024K)]
  0x000001d8110530e0 JavaThread "Common-Cleaner"             daemon [_thread_blocked, id=26996, stack(0x0000004bc3f00000,0x0000004bc4000000) (1024K)]
  0x000001d811515540 JavaThread "Monitor Ctrl-Break"         daemon [_thread_in_native, id=28388, stack(0x0000004bc4000000,0x0000004bc4100000) (1024K)]
  0x000001d811312cb0 JavaThread "Notification Thread"        daemon [_thread_blocked, id=11500, stack(0x0000004bc4100000,0x0000004bc4200000) (1024K)]
  0x000001d8136a3e30 JavaThread "Catalina-utility-1"                [_thread_blocked, id=22860, stack(0x0000004bc4500000,0x0000004bc4600000) (1024K)]
  0x000001d8136a16d0 JavaThread "Catalina-utility-2"                [_thread_blocked, id=9828, stack(0x0000004bc4600000,0x0000004bc4700000) (1024K)]
  0x000001d8136a2a80 JavaThread "container-0"                       [_thread_blocked, id=26864, stack(0x0000004bc4700000,0x0000004bc4800000) (1024K)]
  0x000001d8136a3110 JavaThread "mysql-cj-abandoned-connection-cleanup" daemon [_thread_blocked, id=27068, stack(0x0000004bc4800000,0x0000004bc4900000) (1024K)]
  0x000001d8136a44c0 JavaThread "HikariPool-1 housekeeper"   daemon [_thread_blocked, id=28188, stack(0x0000004bc4a00000,0x0000004bc4b00000) (1024K)]
  0x000001d7cbce9970 JavaThread "File Watcher"               daemon [_thread_blocked, id=26132, stack(0x0000004bc4b00000,0x0000004bc4c00000) (1024K)]
  0x000001d7cbcec0d0 JavaThread "Live Reload Server"         daemon [_thread_in_native, id=27432, stack(0x0000004bc4c00000,0x0000004bc4d00000) (1024K)]
  0x000001d7cbcead20 JavaThread "http-nio-8081-exec-1"       daemon [_thread_blocked, id=27956, stack(0x0000004bc4d00000,0x0000004bc4e00000) (1024K)]
  0x000001d7cbcea000 JavaThread "http-nio-8081-exec-2"       daemon [_thread_in_vm, id=25924, stack(0x0000004bc4e00000,0x0000004bc4f00000) (1024K)]
  0x000001d7cbcee1a0 JavaThread "http-nio-8081-exec-3"       daemon [_thread_blocked, id=22824, stack(0x0000004bc4f00000,0x0000004bc5000000) (1024K)]
  0x000001d7cbcee830 JavaThread "http-nio-8081-exec-4"       daemon [_thread_blocked, id=27692, stack(0x0000004bc5000000,0x0000004bc5100000) (1024K)]
  0x000001d7cbcedb10 JavaThread "http-nio-8081-exec-5"       daemon [_thread_blocked, id=25812, stack(0x0000004bc5100000,0x0000004bc5200000) (1024K)]
  0x000001d7cbceb3b0 JavaThread "http-nio-8081-exec-6"       daemon [_thread_blocked, id=15592, stack(0x0000004bc5200000,0x0000004bc5300000) (1024K)]
  0x000001d7cbced480 JavaThread "http-nio-8081-exec-7"       daemon [_thread_blocked, id=17108, stack(0x0000004bc5300000,0x0000004bc5400000) (1024K)]
  0x000001d7cbceeec0 JavaThread "http-nio-8081-exec-8"       daemon [_thread_blocked, id=27976, stack(0x0000004bc5400000,0x0000004bc5500000) (1024K)]
  0x000001d7cbceba40 JavaThread "http-nio-8081-exec-9"       daemon [_thread_blocked, id=22548, stack(0x0000004bc5500000,0x0000004bc5600000) (1024K)]
  0x000001d7cbcf0900 JavaThread "http-nio-8081-exec-10"      daemon [_thread_blocked, id=22848, stack(0x0000004bc5600000,0x0000004bc5700000) (1024K)]
  0x000001d7cbcef550 JavaThread "http-nio-8081-Poller"       daemon [_thread_in_native, id=10940, stack(0x0000004bc5700000,0x0000004bc5800000) (1024K)]
  0x000001d7cbcf0f90 JavaThread "http-nio-8081-Acceptor"     daemon [_thread_in_native, id=23184, stack(0x0000004bc5800000,0x0000004bc5900000) (1024K)]
  0x000001d7cbcefbe0 JavaThread "DestroyJavaVM"                     [_thread_blocked, id=8428, stack(0x0000004bc2f00000,0x0000004bc3000000) (1024K)]
Total: 31

Other Threads:
  0x000001d7b124eb10 VMThread "VM Thread"                           [id=10788, stack(0x0000004bc3600000,0x0000004bc3700000) (1024K)]
  0x000001d7cbc7b190 WatcherThread "VM Periodic Task Thread"        [id=28232, stack(0x0000004bc3500000,0x0000004bc3600000) (1024K)]
  0x000001d7b11d1660 WorkerThread "GC Thread#0"                     [id=9052, stack(0x0000004bc3000000,0x0000004bc3100000) (1024K)]
  0x000001d8115545c0 WorkerThread "GC Thread#1"                     [id=13540, stack(0x0000004bc4200000,0x0000004bc4300000) (1024K)]
  0x000001d7b11db8f0 ConcurrentGCThread "G1 Main Marker"            [id=15756, stack(0x0000004bc3100000,0x0000004bc3200000) (1024K)]
  0x000001d7b11dc400 WorkerThread "G1 Conc#0"                       [id=27156, stack(0x0000004bc3200000,0x0000004bc3300000) (1024K)]
  0x000001d7aee76380 ConcurrentGCThread "G1 Refine#0"               [id=25720, stack(0x0000004bc3300000,0x0000004bc3400000) (1024K)]
  0x000001d7b12294a0 ConcurrentGCThread "G1 Service"                [id=12184, stack(0x0000004bc3400000,0x0000004bc3500000) (1024K)]
Total: 8

Threads with active compile tasks:
C2 CompilerThread0  81537 7212       4       org.springframework.core.ResolvableType::hasGenerics (14 bytes)
Total: 1

VM state: not at safepoint (normal execution)

VM Mutex/Monitor currently owned by a thread: None

Heap address: 0x00000000c5800000, size: 936 MB, Compressed Oops mode: 32-bit

CDS archive(s) mapped at: [0x000001d7cc000000-0x000001d7ccd70000-0x000001d7ccd70000), size 14090240, SharedBaseAddress: 0x000001d7cc000000, ArchiveRelocationMode: 1.
Compressed class space mapped at: 0x000001d7cd000000-0x000001d80d000000, reserved size: 1073741824
Narrow klass base: 0x000001d7cc000000, Narrow klass shift: 0, Narrow klass range: 0x41000000

GC Precious Log:
 CardTable entry size: 512
 Card Set container configuration: InlinePtr #cards 5 size 8 Array Of Cards #cards 10 size 36 Howl #buckets 4 coarsen threshold 1843 Howl Bitmap #cards 512 size 80 coarsen threshold 460 Card regions per heap region 1 cards per card region 2048
 CPUs: 2 total, 2 available
 Memory: 3737M
 Large Page Support: Disabled
 NUMA Support: Disabled
 Compressed Oops: Enabled (32-bit)
 Heap Region Size: 1M
 Heap Min Capacity: 8M
 Heap Initial Capacity: 60M
 Heap Max Capacity: 936M
 Pre-touch: Disabled
 Parallel Workers: 2
 Concurrent Workers: 1
 Concurrent Refinement Workers: 2
 Periodic GC: Disabled

Heap:
 garbage-first heap   total reserved 958464K, committed 58368K, used 45699K [0x00000000c5800000, 0x0000000100000000)
  region size 1024K, 17 young (17408K), 2 survivors (2048K)
 Metaspace       used 74499K, committed 75264K, reserved 1114112K
  class space    used 10307K, committed 10624K, reserved 1048576K

Heap Regions: E=young(eden), S=young(survivor), O=old, HS=humongous(starts), HC=humongous(continues), CS=collection set, F=free, TAMS=top-at-mark-start, PB=parsable bottom
|   0|0x00000000c5800000, 0x00000000c5900000, 0x00000000c5900000|100%|HS|  |TAMS 0x00000000c5800000| PB 0x00000000c5800000| Complete |  0
|   1|0x00000000c5900000, 0x00000000c5a00000, 0x00000000c5a00000|100%|HS|  |TAMS 0x00000000c5900000| PB 0x00000000c5900000| Complete |  0
|   2|0x00000000c5a00000, 0x00000000c5b00000, 0x00000000c5b00000|100%| O|  |TAMS 0x00000000c5a00000| PB 0x00000000c5a00000| Untracked |  0
|   3|0x00000000c5b00000, 0x00000000c5c00000, 0x00000000c5c00000|100%| O|  |TAMS 0x00000000c5b00000| PB 0x00000000c5b00000| Untracked |  0
|   4|0x00000000c5c00000, 0x00000000c5d00000, 0x00000000c5d00000|100%| O|  |TAMS 0x00000000c5c00000| PB 0x00000000c5c00000| Untracked |  0
|   5|0x00000000c5d00000, 0x00000000c5e00000, 0x00000000c5e00000|100%| O|  |TAMS 0x00000000c5d00000| PB 0x00000000c5d00000| Untracked |  0
|   6|0x00000000c5e00000, 0x00000000c5f00000, 0x00000000c5f00000|100%| O|  |TAMS 0x00000000c5e00000| PB 0x00000000c5e00000| Untracked |  0
|   7|0x00000000c5f00000, 0x00000000c6000000, 0x00000000c6000000|100%| O|  |TAMS 0x00000000c5f00000| PB 0x00000000c5f00000| Untracked |  0
|   8|0x00000000c6000000, 0x00000000c6100000, 0x00000000c6100000|100%| O|  |TAMS 0x00000000c6000000| PB 0x00000000c6000000| Untracked |  0
|   9|0x00000000c6100000, 0x00000000c6200000, 0x00000000c6200000|100%| O|  |TAMS 0x00000000c6100000| PB 0x00000000c6100000| Untracked |  0
|  10|0x00000000c6200000, 0x00000000c6300000, 0x00000000c6300000|100%| O|  |TAMS 0x00000000c6200000| PB 0x00000000c6200000| Untracked |  0
|  11|0x00000000c6300000, 0x00000000c6400000, 0x00000000c6400000|100%| O|  |TAMS 0x00000000c6300000| PB 0x00000000c6300000| Untracked |  0
|  12|0x00000000c6400000, 0x00000000c6500000, 0x00000000c6500000|100%| O|  |TAMS 0x00000000c6400000| PB 0x00000000c6400000| Untracked |  0
|  13|0x00000000c6500000, 0x00000000c6600000, 0x00000000c6600000|100%| O|  |TAMS 0x00000000c6500000| PB 0x00000000c6500000| Untracked |  0
|  14|0x00000000c6600000, 0x00000000c6700000, 0x00000000c6700000|100%| O|  |TAMS 0x00000000c6600000| PB 0x00000000c6600000| Untracked |  0
|  15|0x00000000c6700000, 0x00000000c6800000, 0x00000000c6800000|100%| O|  |TAMS 0x00000000c6700000| PB 0x00000000c6700000| Untracked |  0
|  16|0x00000000c6800000, 0x00000000c6900000, 0x00000000c6900000|100%| O|Cm|TAMS 0x00000000c6800000| PB 0x00000000c6800000| Complete |  0
|  17|0x00000000c6900000, 0x00000000c6a00000, 0x00000000c6a00000|100%| O|  |TAMS 0x00000000c6900000| PB 0x00000000c6900000| Untracked |  0
|  18|0x00000000c6a00000, 0x00000000c6b00000, 0x00000000c6b00000|100%| O|  |TAMS 0x00000000c6a00000| PB 0x00000000c6a00000| Untracked |  0
|  19|0x00000000c6b00000, 0x00000000c6c00000, 0x00000000c6c00000|100%| O|  |TAMS 0x00000000c6b00000| PB 0x00000000c6b00000| Untracked |  0
|  20|0x00000000c6c00000, 0x00000000c6d00000, 0x00000000c6d00000|100%| O|  |TAMS 0x00000000c6c00000| PB 0x00000000c6c00000| Untracked |  0
|  21|0x00000000c6d00000, 0x00000000c6e00000, 0x00000000c6e00000|100%| O|  |TAMS 0x00000000c6d00000| PB 0x00000000c6d00000| Untracked |  0
|  22|0x00000000c6e00000, 0x00000000c6f00000, 0x00000000c6f00000|100%| O|  |TAMS 0x00000000c6e00000| PB 0x00000000c6e00000| Untracked |  0
|  23|0x00000000c6f00000, 0x00000000c7000000, 0x00000000c7000000|100%| O|  |TAMS 0x00000000c6f00000| PB 0x00000000c6f00000| Untracked |  0
|  24|0x00000000c7000000, 0x00000000c7100000, 0x00000000c7100000|100%| O|  |TAMS 0x00000000c7000000| PB 0x00000000c7000000| Untracked |  0
|  25|0x00000000c7100000, 0x00000000c7200000, 0x00000000c7200000|100%| O|  |TAMS 0x00000000c7100000| PB 0x00000000c7100000| Untracked |  0
|  26|0x00000000c7200000, 0x00000000c72a0fe0, 0x00000000c7300000| 62%| O|  |TAMS 0x00000000c7200000| PB 0x00000000c7200000| Untracked |  0
|  27|0x00000000c7300000, 0x00000000c7400000, 0x00000000c7400000|100%| O|  |TAMS 0x00000000c7300000| PB 0x00000000c7300000| Untracked |  0
|  28|0x00000000c7400000, 0x00000000c7500000, 0x00000000c7500000|100%| O|  |TAMS 0x00000000c7400000| PB 0x00000000c7400000| Untracked |  0
|  29|0x00000000c7500000, 0x00000000c7500000, 0x00000000c7600000|  0%| F|  |TAMS 0x00000000c7500000| PB 0x00000000c7500000| Untracked |  0
|  30|0x00000000c7600000, 0x00000000c7600000, 0x00000000c7700000|  0%| F|  |TAMS 0x00000000c7600000| PB 0x00000000c7600000| Untracked |  0
|  31|0x00000000c7700000, 0x00000000c7800000, 0x00000000c7800000|100%| S|CS|TAMS 0x00000000c7700000| PB 0x00000000c7700000| Complete |  0
|  32|0x00000000c7800000, 0x00000000c7900000, 0x00000000c7900000|100%| S|CS|TAMS 0x00000000c7800000| PB 0x00000000c7800000| Complete |  0
|  33|0x00000000c7900000, 0x00000000c7900000, 0x00000000c7a00000|  0%| F|  |TAMS 0x00000000c7900000| PB 0x00000000c7900000| Untracked |  0
|  34|0x00000000c7a00000, 0x00000000c7a00000, 0x00000000c7b00000|  0%| F|  |TAMS 0x00000000c7a00000| PB 0x00000000c7a00000| Untracked |  0
|  35|0x00000000c7b00000, 0x00000000c7b00000, 0x00000000c7c00000|  0%| F|  |TAMS 0x00000000c7b00000| PB 0x00000000c7b00000| Untracked |  0
|  36|0x00000000c7c00000, 0x00000000c7c00000, 0x00000000c7d00000|  0%| F|  |TAMS 0x00000000c7c00000| PB 0x00000000c7c00000| Untracked |  0
|  37|0x00000000c7d00000, 0x00000000c7d00000, 0x00000000c7e00000|  0%| F|  |TAMS 0x00000000c7d00000| PB 0x00000000c7d00000| Untracked |  0
|  38|0x00000000c7e00000, 0x00000000c7e00000, 0x00000000c7f00000|  0%| F|  |TAMS 0x00000000c7e00000| PB 0x00000000c7e00000| Untracked |  0
|  39|0x00000000c7f00000, 0x00000000c7f00000, 0x00000000c8000000|  0%| F|  |TAMS 0x00000000c7f00000| PB 0x00000000c7f00000| Untracked |  0
|  40|0x00000000c8000000, 0x00000000c8000000, 0x00000000c8100000|  0%| F|  |TAMS 0x00000000c8000000| PB 0x00000000c8000000| Untracked |  0
|  41|0x00000000c8100000, 0x00000000c8100000, 0x00000000c8200000|  0%| F|  |TAMS 0x00000000c8100000| PB 0x00000000c8100000| Untracked |  0
|  42|0x00000000c8200000, 0x00000000c82f0688, 0x00000000c8300000| 93%| E|  |TAMS 0x00000000c8200000| PB 0x00000000c8200000| Complete |  1
|  43|0x00000000c8300000, 0x00000000c8400000, 0x00000000c8400000|100%| E|CS|TAMS 0x00000000c8300000| PB 0x00000000c8300000| Complete |  0
|  44|0x00000000c8400000, 0x00000000c8500000, 0x00000000c8500000|100%| E|CS|TAMS 0x00000000c8400000| PB 0x00000000c8400000| Complete |  0
|  45|0x00000000c8500000, 0x00000000c8600000, 0x00000000c8600000|100%| E|CS|TAMS 0x00000000c8500000| PB 0x00000000c8500000| Complete |  0
|  46|0x00000000c8600000, 0x00000000c8700000, 0x00000000c8700000|100%| E|CS|TAMS 0x00000000c8600000| PB 0x00000000c8600000| Complete |  0
|  47|0x00000000c8700000, 0x00000000c8800000, 0x00000000c8800000|100%| E|CS|TAMS 0x00000000c8700000| PB 0x00000000c8700000| Complete |  0
|  48|0x00000000c8800000, 0x00000000c8900000, 0x00000000c8900000|100%| E|CS|TAMS 0x00000000c8800000| PB 0x00000000c8800000| Complete |  0
|  49|0x00000000c8900000, 0x00000000c8a00000, 0x00000000c8a00000|100%| E|CS|TAMS 0x00000000c8900000| PB 0x00000000c8900000| Complete |  0
|  50|0x00000000c8a00000, 0x00000000c8b00000, 0x00000000c8b00000|100%| E|CS|TAMS 0x00000000c8a00000| PB 0x00000000c8a00000| Complete |  0
|  51|0x00000000c8b00000, 0x00000000c8c00000, 0x00000000c8c00000|100%| E|CS|TAMS 0x00000000c8b00000| PB 0x00000000c8b00000| Complete |  0
|  52|0x00000000c8c00000, 0x00000000c8d00000, 0x00000000c8d00000|100%| E|CS|TAMS 0x00000000c8c00000| PB 0x00000000c8c00000| Complete |  0
|  53|0x00000000c8d00000, 0x00000000c8e00000, 0x00000000c8e00000|100%| E|CS|TAMS 0x00000000c8d00000| PB 0x00000000c8d00000| Complete |  0
|  54|0x00000000c8e00000, 0x00000000c8f00000, 0x00000000c8f00000|100%| E|CS|TAMS 0x00000000c8e00000| PB 0x00000000c8e00000| Complete |  0
|  55|0x00000000c8f00000, 0x00000000c9000000, 0x00000000c9000000|100%| E|CS|TAMS 0x00000000c8f00000| PB 0x00000000c8f00000| Complete |  0
|  56|0x00000000c9000000, 0x00000000c9100000, 0x00000000c9100000|100%| E|CS|TAMS 0x00000000c9000000| PB 0x00000000c9000000| Complete |  0

Card table byte_map: [0x000001d7c88c0000,0x000001d7c8aa0000] _byte_map_base: 0x000001d7c8294000

Marking Bits: (CMBitMap*) 0x000001d7b11d1d70
 Bits: [0x000001d7c8aa0000, 0x000001d7c9940000)

Polling page: 0x000001d7aef80000

Metaspace:

Usage:
  Non-class:     62.69 MB used.
      Class:     10.07 MB used.
       Both:     72.76 MB used.

Virtual space:
  Non-class space:       64.00 MB reserved,      63.12 MB ( 99%) committed,  1 nodes.
      Class space:        1.00 GB reserved,      10.38 MB (  1%) committed,  1 nodes.
             Both:        1.06 GB reserved,      73.50 MB (  7%) committed. 

Chunk freelists:
   Non-Class:  384.00 KB
       Class:  5.58 MB
        Both:  5.95 MB

MaxMetaspaceSize: unlimited
CompressedClassSpaceSize: 1.00 GB
Initial GC threshold: 21.00 MB
Current GC threshold: 118.44 MB
CDS: on
 - commit_granule_bytes: 65536.
 - commit_granule_words: 8192.
 - virtual_space_node_default_size: 8388608.
 - enlarge_chunks_in_place: 1.
 - use_allocation_guard: 0.


Internal statistics:

num_allocs_failed_limit: 6.
num_arena_births: 1072.
num_arena_deaths: 0.
num_vsnodes_births: 2.
num_vsnodes_deaths: 0.
num_space_committed: 1176.
num_space_uncommitted: 0.
num_chunks_returned_to_freelist: 6.
num_chunks_taken_from_freelist: 3686.
num_chunk_merges: 3.
num_chunk_splits: 2608.
num_chunks_enlarged: 1981.
num_inconsistent_stats: 0.

CodeHeap 'non-profiled nmethods': size=120128Kb used=2937Kb max_used=2937Kb free=117190Kb
 bounds [0x000001d7c1370000, 0x000001d7c1650000, 0x000001d7c88c0000]
CodeHeap 'profiled nmethods': size=120000Kb used=9281Kb max_used=9281Kb free=110718Kb
 bounds [0x000001d7b98c0000, 0x000001d7ba1e0000, 0x000001d7c0df0000]
CodeHeap 'non-nmethods': size=5632Kb used=1764Kb max_used=1808Kb free=3867Kb
 bounds [0x000001d7c0df0000, 0x000001d7c1060000, 0x000001d7c1370000]
CodeCache: size=245760Kb, used=13982Kb, max_used=14026Kb, free=231775Kb
 total_blobs=6959, nmethods=6163, adapters=702, full_count=0
Compilation: enabled, stopped_count=0, restarted_count=0

Compilation events (20 events):
Event: 78.119 Thread 0x000001d7cbcaa9d0 nmethod 7198 0x000001d7ba1c0e88 code [0x000001d7ba1c0fc0, 0x000001d7ba1c1340]
Event: 78.402 Thread 0x000001d7cbca3d70 7201       4       java.lang.invoke.BoundMethodHandle::<init> (32 bytes)
Event: 78.410 Thread 0x000001d7cbca3d70 nmethod 7201 0x000001d7c164b488 code [0x000001d7c164b5c0, 0x000001d7c164b950]
Event: 78.410 Thread 0x000001d7cbca3d70 7202       4       java.lang.invoke.LambdaForm::internArgument (85 bytes)
Event: 78.413 Thread 0x000001d7cbca3d70 nmethod 7202 0x000001d7c164c008 code [0x000001d7c164c120, 0x000001d7c164c2b0]
Event: 79.567 Thread 0x000001d7cbcaa9d0 7206       3       java.util.logging.LogManager$LoggerContext::getGlobalLogger (6 bytes)
Event: 79.860 Thread 0x000001d7cbcaa9d0 nmethod 7206 0x000001d7ba1c1388 code [0x000001d7ba1c14a0, 0x000001d7ba1c15b8]
Event: 79.864 Thread 0x000001d7cbca3d70 7207       4       java.lang.String::substring (10 bytes)
Event: 80.373 Thread 0x000001d7cbca3d70 nmethod 7207 0x000001d7c164c608 code [0x000001d7c164c740, 0x000001d7c164cb80]
Event: 80.503 Thread 0x000001d7cbca3d70 7209 %     4       java.util.Properties$LineReader::readLine @ 53 (584 bytes)
Event: 80.545 Thread 0x000001d7cbcaa9d0 7210       3       java.time.format.DateTimePrintContext::getValue (36 bytes)
Event: 80.546 Thread 0x000001d7cbcaa9d0 nmethod 7210 0x000001d7ba1c1688 code [0x000001d7ba1c17e0, 0x000001d7ba1c1b60]
Event: 80.546 Thread 0x000001d7cbcaa9d0 7211       3       java.time.ZonedDateTime::getLong (83 bytes)
Event: 80.548 Thread 0x000001d7cbcaa9d0 nmethod 7211 0x000001d7ba1c1b88 code [0x000001d7ba1c1d00, 0x000001d7ba1c2328]
Event: 80.566 Thread 0x000001d7cbca3d70 nmethod 7209% 0x000001d7c164cc08 code [0x000001d7c164ce80, 0x000001d7c164e550]
Event: 80.578 Thread 0x000001d7cbca3d70 7212       4       org.springframework.core.ResolvableType::hasGenerics (14 bytes)
Event: 80.589 Thread 0x000001d7cbcaa9d0 7213       3       org.springframework.core.OrderComparator::getOrder (111 bytes)
Event: 80.590 Thread 0x000001d7cbcaa9d0 nmethod 7213 0x000001d7ba1c2388 code [0x000001d7ba1c2540, 0x000001d7ba1c2cb0]
Event: 80.590 Thread 0x000001d7cbcaa9d0 7214       3       org.springframework.core.OrderComparator::getOrder (22 bytes)
Event: 80.591 Thread 0x000001d7cbcaa9d0 nmethod 7214 0x000001d7ba1c2d08 code [0x000001d7ba1c2e40, 0x000001d7ba1c30b0]

GC Heap History (20 events):
Event: 26.122 GC heap before
{Heap before GC invocations=11 (full 0):
 garbage-first heap   total reserved 958464K, committed 48128K, used 23189K [0x00000000c5800000, 0x0000000100000000)
  region size 1024K, 6 young (6144K), 2 survivors (2048K)
 Metaspace       used 35528K, committed 35968K, reserved 1114112K
  class space    used 4656K, committed 4864K, reserved 1048576K
}
Event: 26.132 GC heap after
{Heap after GC invocations=12 (full 0):
 garbage-first heap   total reserved 958464K, committed 48128K, used 21711K [0x00000000c5800000, 0x0000000100000000)
  region size 1024K, 2 young (2048K), 2 survivors (2048K)
 Metaspace       used 35528K, committed 35968K, reserved 1114112K
  class space    used 4656K, committed 4864K, reserved 1048576K
}
Event: 32.067 GC heap before
{Heap before GC invocations=13 (full 0):
 garbage-first heap   total reserved 958464K, committed 48128K, used 40143K [0x00000000c5800000, 0x0000000100000000)
  region size 1024K, 21 young (21504K), 2 survivors (2048K)
 Metaspace       used 43507K, committed 44096K, reserved 1114112K
  class space    used 5640K, committed 5888K, reserved 1048576K
}
Event: 32.077 GC heap after
{Heap after GC invocations=14 (full 0):
 garbage-first heap   total reserved 958464K, committed 48128K, used 23759K [0x00000000c5800000, 0x0000000100000000)
  region size 1024K, 3 young (3072K), 3 survivors (3072K)
 Metaspace       used 43507K, committed 44096K, reserved 1114112K
  class space    used 5640K, committed 5888K, reserved 1048576K
}
Event: 34.264 GC heap before
{Heap before GC invocations=14 (full 0):
 garbage-first heap   total reserved 958464K, committed 48128K, used 41167K [0x00000000c5800000, 0x0000000100000000)
  region size 1024K, 20 young (20480K), 3 survivors (3072K)
 Metaspace       used 48217K, committed 48832K, reserved 1114112K
  class space    used 6334K, committed 6592K, reserved 1048576K
}
Event: 34.274 GC heap after
{Heap after GC invocations=15 (full 0):
 garbage-first heap   total reserved 958464K, committed 48128K, used 25052K [0x00000000c5800000, 0x0000000100000000)
  region size 1024K, 2 young (2048K), 2 survivors (2048K)
 Metaspace       used 48217K, committed 48832K, reserved 1114112K
  class space    used 6334K, committed 6592K, reserved 1048576K
}
Event: 35.799 GC heap before
{Heap before GC invocations=15 (full 0):
 garbage-first heap   total reserved 958464K, committed 48128K, used 42460K [0x00000000c5800000, 0x0000000100000000)
  region size 1024K, 19 young (19456K), 2 survivors (2048K)
 Metaspace       used 52596K, committed 53120K, reserved 1114112K
  class space    used 7063K, committed 7296K, reserved 1048576K
}
Event: 35.806 GC heap after
{Heap after GC invocations=16 (full 0):
 garbage-first heap   total reserved 958464K, committed 48128K, used 25543K [0x00000000c5800000, 0x0000000100000000)
  region size 1024K, 2 young (2048K), 2 survivors (2048K)
 Metaspace       used 52596K, committed 53120K, reserved 1114112K
  class space    used 7063K, committed 7296K, reserved 1048576K
}
Event: 36.978 GC heap before
{Heap before GC invocations=17 (full 0):
 garbage-first heap   total reserved 958464K, committed 48128K, used 41927K [0x00000000c5800000, 0x0000000100000000)
  region size 1024K, 19 young (19456K), 2 survivors (2048K)
 Metaspace       used 56941K, committed 57536K, reserved 1114112K
  class space    used 7611K, committed 7872K, reserved 1048576K
}
Event: 36.987 GC heap after
{Heap after GC invocations=18 (full 0):
 garbage-first heap   total reserved 958464K, committed 48128K, used 26657K [0x00000000c5800000, 0x0000000100000000)
  region size 1024K, 2 young (2048K), 2 survivors (2048K)
 Metaspace       used 56941K, committed 57536K, reserved 1114112K
  class space    used 7611K, committed 7872K, reserved 1048576K
}
Event: 38.018 GC heap before
{Heap before GC invocations=18 (full 0):
 garbage-first heap   total reserved 958464K, committed 48128K, used 40993K [0x00000000c5800000, 0x0000000100000000)
  region size 1024K, 17 young (17408K), 2 survivors (2048K)
 Metaspace       used 61747K, committed 62336K, reserved 1114112K
  class space    used 8478K, committed 8768K, reserved 1048576K
}
Event: 38.037 GC heap after
{Heap after GC invocations=19 (full 0):
 garbage-first heap   total reserved 958464K, committed 48128K, used 26862K [0x00000000c5800000, 0x0000000100000000)
  region size 1024K, 2 young (2048K), 2 survivors (2048K)
 Metaspace       used 61747K, committed 62336K, reserved 1114112K
  class space    used 8478K, committed 8768K, reserved 1048576K
}
Event: 39.002 GC heap before
{Heap before GC invocations=19 (full 0):
 garbage-first heap   total reserved 958464K, committed 48128K, used 42222K [0x00000000c5800000, 0x0000000100000000)
  region size 1024K, 17 young (17408K), 2 survivors (2048K)
 Metaspace       used 65355K, committed 65984K, reserved 1114112K
  class space    used 9036K, committed 9280K, reserved 1048576K
}
Event: 39.010 GC heap after
{Heap after GC invocations=20 (full 0):
 garbage-first heap   total reserved 958464K, committed 48128K, used 27292K [0x00000000c5800000, 0x0000000100000000)
  region size 1024K, 3 young (3072K), 3 survivors (3072K)
 Metaspace       used 65355K, committed 65984K, reserved 1114112K
  class space    used 9036K, committed 9280K, reserved 1048576K
}
Event: 40.021 GC heap before
{Heap before GC invocations=21 (full 0):
 garbage-first heap   total reserved 958464K, committed 48128K, used 39580K [0x00000000c5800000, 0x0000000100000000)
  region size 1024K, 16 young (16384K), 3 survivors (3072K)
 Metaspace       used 67585K, committed 68288K, reserved 1114112K
  class space    used 9326K, committed 9600K, reserved 1048576K
}
Event: 40.031 GC heap after
{Heap after GC invocations=22 (full 0):
 garbage-first heap   total reserved 958464K, committed 48128K, used 28655K [0x00000000c5800000, 0x0000000100000000)
  region size 1024K, 2 young (2048K), 2 survivors (2048K)
 Metaspace       used 67585K, committed 68288K, reserved 1114112K
  class space    used 9326K, committed 9600K, reserved 1048576K
}
Event: 41.667 GC heap before
{Heap before GC invocations=22 (full 0):
 garbage-first heap   total reserved 958464K, committed 48128K, used 42991K [0x00000000c5800000, 0x0000000100000000)
  region size 1024K, 16 young (16384K), 2 survivors (2048K)
 Metaspace       used 70182K, committed 70848K, reserved 1114112K
  class space    used 9678K, committed 9984K, reserved 1048576K
}
Event: 41.679 GC heap after
{Heap after GC invocations=23 (full 0):
 garbage-first heap   total reserved 958464K, committed 48128K, used 29222K [0x00000000c5800000, 0x0000000100000000)
  region size 1024K, 1 young (1024K), 1 survivors (1024K)
 Metaspace       used 70182K, committed 70848K, reserved 1114112K
  class space    used 9678K, committed 9984K, reserved 1048576K
}
Event: 42.777 GC heap before
{Heap before GC invocations=23 (full 0):
 garbage-first heap   total reserved 958464K, committed 48128K, used 43558K [0x00000000c5800000, 0x0000000100000000)
  region size 1024K, 15 young (15360K), 1 survivors (1024K)
 Metaspace       used 71956K, committed 72768K, reserved 1114112K
  class space    used 9942K, committed 10304K, reserved 1048576K
}
Event: 42.789 GC heap after
{Heap after GC invocations=24 (full 0):
 garbage-first heap   total reserved 958464K, committed 58368K, used 31363K [0x00000000c5800000, 0x0000000100000000)
  region size 1024K, 2 young (2048K), 2 survivors (2048K)
 Metaspace       used 71956K, committed 72768K, reserved 1114112K
  class space    used 9942K, committed 10304K, reserved 1048576K
}

Dll operation events (14 events):
Event: 0.053 Loaded shared library C:\Users\joaoo\.jdks\openjdk-23.0.1\bin\java.dll
Event: 0.338 Loaded shared library C:\Users\joaoo\.jdks\openjdk-23.0.1\bin\jsvml.dll
Event: 1.996 Loaded shared library C:\Users\joaoo\.jdks\openjdk-23.0.1\bin\zip.dll
Event: 2.006 Loaded shared library C:\Users\joaoo\.jdks\openjdk-23.0.1\bin\instrument.dll
Event: 2.021 Loaded shared library C:\Users\joaoo\.jdks\openjdk-23.0.1\bin\net.dll
Event: 2.092 Loaded shared library C:\Users\joaoo\.jdks\openjdk-23.0.1\bin\nio.dll
Event: 2.117 Loaded shared library C:\Users\joaoo\.jdks\openjdk-23.0.1\bin\zip.dll
Event: 8.393 Loaded shared library C:\Program Files\JetBrains\IntelliJ IDEA Community Edition 2024.3.1\bin\breakgen64.dll
Event: 8.418 Loaded shared library C:\Users\joaoo\.jdks\openjdk-23.0.1\bin\extnet.dll
Event: 8.580 Loaded shared library C:\Users\joaoo\.jdks\openjdk-23.0.1\bin\jimage.dll
Event: 9.552 Loaded shared library C:\Users\joaoo\.jdks\openjdk-23.0.1\bin\management.dll
Event: 9.565 Loaded shared library C:\Users\joaoo\.jdks\openjdk-23.0.1\bin\management_ext.dll
Event: 15.773 Loaded shared library C:\Users\joaoo\.jdks\openjdk-23.0.1\bin\sunmscapi.dll
Event: 33.852 Loaded shared library C:\Users\joaoo\.jdks\openjdk-23.0.1\bin\verify.dll

Deoptimization events (20 events):
Event: 44.729 Thread 0x000001d811b92530 Uncommon trap: trap_request=0xffffff45 fr.pc=0x000001d7c13ecda0 relative=0x0000000000000100
Event: 44.729 Thread 0x000001d811b92530 Uncommon trap: reason=unstable_if action=reinterpret pc=0x000001d7c13ecda0 method=java.util.ArrayList.indexOfRange(Ljava/lang/Object;II)I @ 7 c2
Event: 44.729 Thread 0x000001d811b92530 DEOPT PACKING pc=0x000001d7c13ecda0 sp=0x0000004bc44fe660
Event: 44.729 Thread 0x000001d811b92530 DEOPT UNPACKING pc=0x000001d7c0e443fc sp=0x0000004bc44fe5e0 mode 2
Event: 45.057 Thread 0x000001d811b92530 Uncommon trap: trap_request=0xffffffde fr.pc=0x000001d7c14e54ec relative=0x000000000000038c
Event: 45.057 Thread 0x000001d811b92530 Uncommon trap: reason=class_check action=maybe_recompile pc=0x000001d7c14e54ec method=org.springframework.core.ResolvableType.resolveType()Lorg/springframework/core/ResolvableType; @ 44 c2
Event: 45.057 Thread 0x000001d811b92530 DEOPT PACKING pc=0x000001d7c14e54ec sp=0x0000004bc44fe460
Event: 45.057 Thread 0x000001d811b92530 DEOPT UNPACKING pc=0x000001d7c0e443fc sp=0x0000004bc44fe3f8 mode 2
Event: 45.057 Thread 0x000001d811b92530 Uncommon trap: trap_request=0xffffffde fr.pc=0x000001d7c14e54ec relative=0x000000000000038c
Event: 45.057 Thread 0x000001d811b92530 Uncommon trap: reason=class_check action=maybe_recompile pc=0x000001d7c14e54ec method=org.springframework.core.ResolvableType.resolveType()Lorg/springframework/core/ResolvableType; @ 44 c2
Event: 45.057 Thread 0x000001d811b92530 DEOPT PACKING pc=0x000001d7c14e54ec sp=0x0000004bc44fe540
Event: 45.057 Thread 0x000001d811b92530 DEOPT UNPACKING pc=0x000001d7c0e443fc sp=0x0000004bc44fe4d8 mode 2
Event: 45.057 Thread 0x000001d811b92530 Uncommon trap: trap_request=0xffffffde fr.pc=0x000001d7c14e54ec relative=0x000000000000038c
Event: 45.058 Thread 0x000001d811b92530 Uncommon trap: reason=class_check action=maybe_recompile pc=0x000001d7c14e54ec method=org.springframework.core.ResolvableType.resolveType()Lorg/springframework/core/ResolvableType; @ 44 c2
Event: 45.058 Thread 0x000001d811b92530 DEOPT PACKING pc=0x000001d7c14e54ec sp=0x0000004bc44fe540
Event: 45.058 Thread 0x000001d811b92530 DEOPT UNPACKING pc=0x000001d7c0e443fc sp=0x0000004bc44fe4d8 mode 2
Event: 45.058 Thread 0x000001d811b92530 Uncommon trap: trap_request=0xffffffde fr.pc=0x000001d7c14e54ec relative=0x000000000000038c
Event: 45.058 Thread 0x000001d811b92530 Uncommon trap: reason=class_check action=maybe_recompile pc=0x000001d7c14e54ec method=org.springframework.core.ResolvableType.resolveType()Lorg/springframework/core/ResolvableType; @ 44 c2
Event: 45.058 Thread 0x000001d811b92530 DEOPT PACKING pc=0x000001d7c14e54ec sp=0x0000004bc44fe4d0
Event: 45.058 Thread 0x000001d811b92530 DEOPT UNPACKING pc=0x000001d7c0e443fc sp=0x0000004bc44fe468 mode 2

Classes loaded (20 events):
Event: 76.614 Loading class java/nio/channels/WritePendingException
Event: 76.615 Loading class java/nio/channels/WritePendingException done
Event: 76.699 Loading class java/util/concurrent/Semaphore
Event: 76.700 Loading class java/util/concurrent/Semaphore done
Event: 76.700 Loading class java/util/concurrent/Semaphore$NonfairSync
Event: 76.701 Loading class java/util/concurrent/Semaphore$Sync
Event: 76.701 Loading class java/util/concurrent/Semaphore$Sync done
Event: 76.701 Loading class java/util/concurrent/Semaphore$NonfairSync done
Event: 76.701 Loading class sun/nio/ch/SocketAdaptor
Event: 76.714 Loading class sun/nio/ch/SocketAdaptor done
Event: 76.715 Loading class sun/nio/ch/SocketChannelImpl$DefaultOptionsHolder
Event: 76.715 Loading class sun/nio/ch/SocketChannelImpl$DefaultOptionsHolder done
Event: 76.719 Loading class sun/nio/ch/SelectionKeyImpl
Event: 76.723 Loading class java/nio/channels/spi/AbstractSelectionKey
Event: 76.724 Loading class java/nio/channels/SelectionKey
Event: 76.724 Loading class java/nio/channels/SelectionKey done
Event: 76.724 Loading class java/nio/channels/spi/AbstractSelectionKey done
Event: 76.724 Loading class sun/nio/ch/SelectionKeyImpl done
Event: 76.725 Loading class java/lang/invoke/ConstantBootstraps
Event: 76.727 Loading class java/lang/invoke/ConstantBootstraps done

Classes unloaded (0 events):
No events

Classes redefined (0 events):
No events

Internal exceptions (20 events):
Event: 40.523 Thread 0x000001d811b92530 Exception <a 'java/lang/NoSuchMethodError'{0x00000000c82fe3b8}: 'java.lang.Object java.lang.invoke.DelegatingMethodHandle$Holder.delegate(java.lang.Object, int, java.lang.Object, java.lang.Object)'> (0x00000000c82fe3b8) 
thrown [s\open\src\hotspot\share\interpreter\linkResolver.cpp, line 796]
Event: 40.528 Thread 0x000001d811b92530 Implicit null exception at 0x000001d7c147a9d7 to 0x000001d7c147ad6c
Event: 40.531 Thread 0x000001d811b92530 Exception <a 'java/lang/NoSuchMethodError'{0x00000000c810dde0}: 'int java.lang.invoke.Invokers$Holder.linkToTargetMethod(java.lang.Object, java.lang.Object, java.lang.Object)'> (0x00000000c810dde0) 
thrown [s\open\src\hotspot\share\interpreter\linkResolver.cpp, line 796]
Event: 40.548 Thread 0x000001d811b92530 Exception <a 'java/lang/IncompatibleClassChangeError'{0x00000000c81446e0}: Found class java.lang.Object, but interface was expected> (0x00000000c81446e0) 
thrown [s\open\src\hotspot\share\interpreter\linkResolver.cpp, line 863]
Event: 40.600 Thread 0x000001d811b92530 Exception <a 'java/lang/IncompatibleClassChangeError'{0x00000000c81d4af8}: Found class java.lang.Object, but interface was expected> (0x00000000c81d4af8) 
thrown [s\open\src\hotspot\share\interpreter\linkResolver.cpp, line 863]
Event: 41.059 Thread 0x000001d811b92530 Exception <a 'java/lang/NoSuchMethodError'{0x00000000c7f81b20}: 'void java.lang.invoke.Invokers$Holder.invokeExact_MT(java.lang.Object, java.lang.Object, java.lang.Object, java.lang.Object)'> (0x00000000c7f81b20) 
thrown [s\open\src\hotspot\share\interpreter\linkResolver.cpp, line 796]
Event: 41.300 Thread 0x000001d811b92530 Exception <a 'java/lang/NoSuchMethodError'{0x00000000c7d0b6a0}: 'int java.lang.invoke.DirectMethodHandle$Holder.invokeStaticInit(java.lang.Object, int, java.lang.Object, java.lang.Object, java.lang.Object, java.lang.Object)'> (0x00000000c7d0b6a0) 
thrown [s\open\src\hotspot\share\interpreter\linkResolver.cpp, line 796]
Event: 41.442 Thread 0x000001d811b92530 Exception <a 'java/lang/NoSuchMethodError'{0x00000000c7b17bf8}: 'void java.lang.invoke.DirectMethodHandle$Holder.invokeStatic(java.lang.Object, java.lang.Object, int, int)'> (0x00000000c7b17bf8) 
thrown [s\open\src\hotspot\share\interpreter\linkResolver.cpp, line 796]
Event: 41.825 Thread 0x000001d811b92530 Exception <a 'java/lang/NoSuchMethodError'{0x00000000c86bdc90}: 'java.lang.Object java.lang.invoke.DirectMethodHandle$Holder.invokeInterface(java.lang.Object, java.lang.Object, java.lang.Object, java.lang.Object)'> (0x00000000c86bdc90) 
thrown [s\open\src\hotspot\share\interpreter\linkResolver.cpp, line 796]
Event: 41.931 Thread 0x000001d811b92530 Exception <a 'java/lang/NoSuchMethodError'{0x00000000c8496130}: 'java.lang.Object java.lang.invoke.DirectMethodHandle$Holder.newInvokeSpecial(java.lang.Object, java.lang.Object, java.lang.Object, java.lang.Object, java.lang.Object, java.lang.Object, java.lang.Object, java.lang.Object)'> (0x00000000c8496130) 
thrown [s\open\src\hotspot\share\interpreter\linkResolver.cpp, line 796]
Event: 42.615 Thread 0x000001d811b92530 Exception <a 'java/lang/IncompatibleClassChangeError'{0x00000000c7b911a8}: Found class java.lang.Object, but interface was expected> (0x00000000c7b911a8) 
thrown [s\open\src\hotspot\share\interpreter\linkResolver.cpp, line 863]
Event: 42.679 Thread 0x000001d811b92530 Implicit null exception at 0x000001d7c14681cc to 0x000001d7c146829a
Event: 42.743 Thread 0x000001d811b92530 Exception <a 'java/lang/NoSuchMethodError'{0x00000000c7925220}: 'void java.lang.invoke.DirectMethodHandle$Holder.invokeVirtual(java.lang.Object, java.lang.Object, long)'> (0x00000000c7925220) 
thrown [s\open\src\hotspot\share\interpreter\linkResolver.cpp, line 796]
Event: 43.137 Thread 0x000001d811b92530 Exception <a 'java/lang/NoSuchMethodError'{0x00000000c8f57788}: 'int java.lang.invoke.DirectMethodHandle$Holder.invokeStaticInit(java.lang.Object, java.lang.Object, java.lang.Object, java.lang.Object)'> (0x00000000c8f57788) 
thrown [s\open\src\hotspot\share\interpreter\linkResolver.cpp, line 796]
Event: 43.303 Thread 0x000001d811b92530 Exception <a 'java/lang/IncompatibleClassChangeError'{0x00000000c8d026f0}: Found class java.lang.Object, but interface was expected> (0x00000000c8d026f0) 
thrown [s\open\src\hotspot\share\interpreter\linkResolver.cpp, line 863]
Event: 44.385 Thread 0x000001d811b92530 Exception <a 'java/lang/NoSuchMethodError'{0x00000000c8998660}: 'java.lang.Object java.lang.invoke.DirectMethodHandle$Holder.newInvokeSpecial(java.lang.Object, java.lang.Object, int, java.lang.Object, java.lang.Object)'> (0x00000000c8998660) 
thrown [s\open\src\hotspot\share\interpreter\linkResolver.cpp, line 796]
Event: 76.659 Thread 0x000001d7cbcf0f90 Exception <a 'java/lang/NoSuchMethodError'{0x00000000c8522240}: 'java.lang.Object java.lang.invoke.DirectMethodHandle$Holder.invokeStatic(java.lang.Object, java.lang.Object, java.lang.Object, int, int)'> (0x00000000c8522240) 
thrown [s\open\src\hotspot\share\interpreter\linkResolver.cpp, line 796]
Event: 76.666 Thread 0x000001d7cbcf0f90 Exception <a 'java/lang/NoSuchMethodError'{0x00000000c8525558}: 'java.lang.Object java.lang.invoke.DirectMethodHandle$Holder.invokeStaticInit(java.lang.Object, java.lang.Object, java.lang.Object, int, int)'> (0x00000000c8525558) 
thrown [s\open\src\hotspot\share\interpreter\linkResolver.cpp, line 796]
Event: 78.418 Thread 0x000001d7cbcea000 Exception <a 'java/lang/NoSuchMethodError'{0x00000000c8478ad0}: 'java.lang.Object java.lang.invoke.DirectMethodHandle$Holder.invokeSpecial(java.lang.Object, java.lang.Object, java.lang.Object, java.lang.Object, java.lang.Object, long)'> (0x00000000c8478ad0) 
thrown [s\open\src\hotspot\share\interpreter\linkResolver.cpp, line 796]
Event: 78.419 Thread 0x000001d7cbcea000 Exception <a 'java/lang/NoSuchMethodError'{0x00000000c847c260}: 'java.lang.Object java.lang.invoke.Invokers$Holder.linkToTargetMethod(java.lang.Object, java.lang.Object, java.lang.Object, long, java.lang.Object)'> (0x00000000c847c260) 
thrown [s\open\src\hotspot\share\interpreter\linkResolver.cpp, line 796]

VM Operations (20 events):
Event: 42.238 Executing VM operation: HandshakeAllThreads (Deoptimize)
Event: 42.238 Executing VM operation: HandshakeAllThreads (Deoptimize) done
Event: 42.650 Executing VM operation: HandshakeAllThreads (Deoptimize)
Event: 42.650 Executing VM operation: HandshakeAllThreads (Deoptimize) done
Event: 42.777 Executing VM operation: G1CollectForAllocation (G1 Evacuation Pause)
Event: 42.789 Executing VM operation: G1CollectForAllocation (G1 Evacuation Pause) done
Event: 42.896 Executing VM operation: G1PauseRemark
Event: 42.913 Executing VM operation: G1PauseRemark done
Event: 42.964 Executing VM operation: G1PauseCleanup
Event: 42.965 Executing VM operation: G1PauseCleanup done
Event: 42.992 Executing VM operation: HandshakeAllThreads (Deoptimize)
Event: 42.992 Executing VM operation: HandshakeAllThreads (Deoptimize) done
Event: 44.382 Executing VM operation: HandshakeAllThreads (Deoptimize)
Event: 44.383 Executing VM operation: HandshakeAllThreads (Deoptimize) done
Event: 60.384 Executing VM operation: HandshakeAllThreads (HandshakeForDeflation)
Event: 60.384 Executing VM operation: HandshakeAllThreads (HandshakeForDeflation) done
Event: 60.384 Executing VM operation: RendezvousGCThreads
Event: 60.384 Executing VM operation: RendezvousGCThreads done
Event: 79.059 Executing VM operation: HandshakeAllThreads (Deoptimize)
Event: 79.060 Executing VM operation: HandshakeAllThreads (Deoptimize) done

Memory protections (0 events):
No events

Nmethod flushes (20 events):
Event: 42.911 Thread 0x000001d7b124eb10 flushing  nmethod 0x000001d7b9c20d08
Event: 42.911 Thread 0x000001d7b124eb10 flushing  nmethod 0x000001d7b9c7c508
Event: 42.911 Thread 0x000001d7b124eb10 flushing  nmethod 0x000001d7b9c81008
Event: 42.911 Thread 0x000001d7b124eb10 flushing  nmethod 0x000001d7b9c9cf08
Event: 42.911 Thread 0x000001d7b124eb10 flushing  nmethod 0x000001d7b9cd8a88
Event: 42.911 Thread 0x000001d7b124eb10 flushing  nmethod 0x000001d7b9cdcc88
Event: 42.911 Thread 0x000001d7b124eb10 flushing  nmethod 0x000001d7b9cdfa88
Event: 42.911 Thread 0x000001d7b124eb10 flushing  nmethod 0x000001d7b9ce8508
Event: 42.912 Thread 0x000001d7b124eb10 flushing  nmethod 0x000001d7b9cff508
Event: 42.912 Thread 0x000001d7b124eb10 flushing  nmethod 0x000001d7b9dee708
Event: 42.912 Thread 0x000001d7b124eb10 flushing  nmethod 0x000001d7b9df0988
Event: 42.912 Thread 0x000001d7b124eb10 flushing  nmethod 0x000001d7b9f5a788
Event: 42.912 Thread 0x000001d7b124eb10 flushing  nmethod 0x000001d7b9f76988
Event: 42.912 Thread 0x000001d7b124eb10 flushing  nmethod 0x000001d7b9fa3808
Event: 42.912 Thread 0x000001d7b124eb10 flushing  nmethod 0x000001d7b9fa3b08
Event: 42.912 Thread 0x000001d7b124eb10 flushing  nmethod 0x000001d7ba0cdd08
Event: 42.912 Thread 0x000001d7b124eb10 flushing  nmethod 0x000001d7ba114388
Event: 42.912 Thread 0x000001d7b124eb10 flushing  nmethod 0x000001d7ba114c08
Event: 42.912 Thread 0x000001d7b124eb10 flushing  nmethod 0x000001d7ba114f08
Event: 42.912 Thread 0x000001d7b124eb10 flushing  nmethod 0x000001d7ba115e08

Events (20 events):
Event: 44.280 Thread 0x000001d811b92530 Thread added: 0x000001d7cbce9970
Event: 44.298 Thread 0x000001d811b92530 Thread added: 0x000001d7cbced480
Event: 44.307 Thread 0x000001d7cbced480 Thread exited: 0x000001d7cbced480
Event: 44.308 Thread 0x000001d811b92530 Thread added: 0x000001d7cbcec0d0
Event: 44.408 Thread 0x000001d811b92530 Thread added: 0x000001d7cbcead20
Event: 44.408 Thread 0x000001d811b92530 Thread added: 0x000001d7cbcea000
Event: 44.408 Thread 0x000001d811b92530 Thread added: 0x000001d7cbcee1a0
Event: 44.409 Thread 0x000001d811b92530 Thread added: 0x000001d7cbcee830
Event: 44.409 Thread 0x000001d811b92530 Thread added: 0x000001d7cbcedb10
Event: 44.409 Thread 0x000001d811b92530 Thread added: 0x000001d7cbceb3b0
Event: 44.409 Thread 0x000001d811b92530 Thread added: 0x000001d7cbced480
Event: 44.409 Thread 0x000001d811b92530 Thread added: 0x000001d7cbceeec0
Event: 44.410 Thread 0x000001d811b92530 Thread added: 0x000001d7cbceba40
Event: 44.410 Thread 0x000001d811b92530 Thread added: 0x000001d7cbcf0900
Event: 44.461 Thread 0x000001d811b92530 Thread added: 0x000001d7cbcef550
Event: 44.464 Thread 0x000001d811b92530 Thread added: 0x000001d7cbcf0f90
Event: 45.071 Thread 0x000001d811b92530 Thread exited: 0x000001d811b92530
Event: 45.083 Thread 0x000001d811b844a0 Thread exited: 0x000001d811b844a0
Event: 45.088 Thread 0x000001d7aee90870 Thread exited: 0x000001d7aee90870
Event: 45.088 Thread 0x000001d7cbcefbe0 Thread added: 0x000001d7cbcefbe0


Dynamic libraries:
0x00007ff6a0750000 - 0x00007ff6a075e000 	C:\Users\joaoo\.jdks\openjdk-23.0.1\bin\java.exe
0x00007ff990200000 - 0x00007ff990466000 	C:\WINDOWS\SYSTEM32\ntdll.dll
0x00007ff98ee10000 - 0x00007ff98eed9000 	C:\WINDOWS\System32\KERNEL32.DLL
0x00007ff98d750000 - 0x00007ff98db1c000 	C:\WINDOWS\System32\KERNELBASE.dll
0x00007ff98de70000 - 0x00007ff98dfbb000 	C:\WINDOWS\System32\ucrtbase.dll
0x00007ff986950000 - 0x00007ff98696b000 	C:\Users\joaoo\.jdks\openjdk-23.0.1\bin\VCRUNTIME140.dll
0x00007ff979250000 - 0x00007ff979267000 	C:\Users\joaoo\.jdks\openjdk-23.0.1\bin\jli.dll
0x00007ff98fed0000 - 0x00007ff99009a000 	C:\WINDOWS\System32\USER32.dll
0x00007ff98d5c0000 - 0x00007ff98d5e7000 	C:\WINDOWS\System32\win32u.dll
0x00007ff98eee0000 - 0x00007ff98ef0b000 	C:\WINDOWS\System32\GDI32.dll
0x00007ff98dd30000 - 0x00007ff98de62000 	C:\WINDOWS\System32\gdi32full.dll
0x00007ff98d510000 - 0x00007ff98d5b3000 	C:\WINDOWS\System32\msvcp_win.dll
0x00007ff976e90000 - 0x00007ff97712a000 	C:\WINDOWS\WinSxS\amd64_microsoft.windows.common-controls_6595b64144ccf1df_6.0.26100.3912_none_3e07963ce335137e\COMCTL32.dll
0x00007ff98e9d0000 - 0x00007ff98ea79000 	C:\WINDOWS\System32\msvcrt.dll
0x00007ff98dfd0000 - 0x00007ff98e000000 	C:\WINDOWS\System32\IMM32.DLL
0x00007ff988e70000 - 0x00007ff988e7c000 	C:\Users\joaoo\.jdks\openjdk-23.0.1\bin\vcruntime140_1.dll
0x00007ff9790a0000 - 0x00007ff97912e000 	C:\Users\joaoo\.jdks\openjdk-23.0.1\bin\msvcp140.dll
0x00007ff923d70000 - 0x00007ff924abf000 	C:\Users\joaoo\.jdks\openjdk-23.0.1\bin\server\jvm.dll
0x00007ff98e110000 - 0x00007ff98e1c2000 	C:\WINDOWS\System32\ADVAPI32.dll
0x00007ff98e1f0000 - 0x00007ff98e296000 	C:\WINDOWS\System32\sechost.dll
0x00007ff9900a0000 - 0x00007ff9901b6000 	C:\WINDOWS\System32\RPCRT4.dll
0x00007ff98f720000 - 0x00007ff98f794000 	C:\WINDOWS\System32\WS2_32.dll
0x00007ff98d1e0000 - 0x00007ff98d23e000 	C:\WINDOWS\SYSTEM32\POWRPROF.dll
0x00007ff9796d0000 - 0x00007ff979706000 	C:\WINDOWS\SYSTEM32\WINMM.dll
0x00007ff98aee0000 - 0x00007ff98aeeb000 	C:\WINDOWS\SYSTEM32\VERSION.dll
0x00007ff98d1c0000 - 0x00007ff98d1d4000 	C:\WINDOWS\SYSTEM32\UMPDC.dll
0x00007ff98c130000 - 0x00007ff98c14a000 	C:\WINDOWS\SYSTEM32\kernel.appcore.dll
0x00007ff9869b0000 - 0x00007ff9869ba000 	C:\Users\joaoo\.jdks\openjdk-23.0.1\bin\jimage.dll
0x00007ff989f40000 - 0x00007ff98a181000 	C:\WINDOWS\SYSTEM32\DBGHELP.DLL
0x00007ff98ea80000 - 0x00007ff98ee04000 	C:\WINDOWS\System32\combase.dll
0x00007ff98f8e0000 - 0x00007ff98f9c0000 	C:\WINDOWS\System32\OLEAUT32.dll
0x00007ff979740000 - 0x00007ff979779000 	C:\WINDOWS\SYSTEM32\dbgcore.DLL
0x00007ff98d5f0000 - 0x00007ff98d689000 	C:\WINDOWS\System32\bcryptPrimitives.dll
0x00007ff986990000 - 0x00007ff98699f000 	C:\Users\joaoo\.jdks\openjdk-23.0.1\bin\instrument.dll
0x00007ff979230000 - 0x00007ff97924e000 	C:\Users\joaoo\.jdks\openjdk-23.0.1\bin\java.dll
0x00007ff98ef40000 - 0x00007ff98f0df000 	C:\WINDOWS\System32\ole32.dll
0x00007ff98e2a0000 - 0x00007ff98e9cd000 	C:\WINDOWS\System32\SHELL32.dll
0x00007ff98d390000 - 0x00007ff98d504000 	C:\WINDOWS\System32\wintypes.dll
0x00007ff98aff0000 - 0x00007ff98b846000 	C:\WINDOWS\SYSTEM32\windows.storage.dll
0x00007ff98f180000 - 0x00007ff98f26f000 	C:\WINDOWS\System32\SHCORE.dll
0x00007ff98f110000 - 0x00007ff98f179000 	C:\WINDOWS\System32\shlwapi.dll
0x00007ff98d2a0000 - 0x00007ff98d2cf000 	C:\WINDOWS\SYSTEM32\profapi.dll
0x00007ff9731d0000 - 0x00007ff9732a7000 	C:\Users\joaoo\.jdks\openjdk-23.0.1\bin\jsvml.dll
0x00007ff979180000 - 0x00007ff979197000 	C:\Users\joaoo\.jdks\openjdk-23.0.1\bin\zip.dll
0x00007ff986940000 - 0x00007ff986950000 	C:\Users\joaoo\.jdks\openjdk-23.0.1\bin\net.dll
0x00007ff98c6c0000 - 0x00007ff98c72a000 	C:\WINDOWS\system32\mswsock.dll
0x00007ff979160000 - 0x00007ff979176000 	C:\Users\joaoo\.jdks\openjdk-23.0.1\bin\nio.dll
0x00007ff978f30000 - 0x00007ff978f4a000 	C:\Program Files\JetBrains\IntelliJ IDEA Community Edition 2024.3.1\bin\breakgen64.dll
0x00007ff979070000 - 0x00007ff979079000 	C:\Users\joaoo\.jdks\openjdk-23.0.1\bin\extnet.dll
0x00007ff979060000 - 0x00007ff97906a000 	C:\Users\joaoo\.jdks\openjdk-23.0.1\bin\management.dll
0x00007ff979030000 - 0x00007ff97903b000 	C:\Users\joaoo\.jdks\openjdk-23.0.1\bin\management_ext.dll
0x00007ff98f280000 - 0x00007ff98f288000 	C:\WINDOWS\System32\PSAPI.DLL
0x00007ff97ff00000 - 0x00007ff97ff0e000 	C:\Users\joaoo\.jdks\openjdk-23.0.1\bin\sunmscapi.dll
0x00007ff98dbb0000 - 0x00007ff98dd27000 	C:\WINDOWS\System32\CRYPT32.dll
0x00007ff98cb70000 - 0x00007ff98cba0000 	C:\WINDOWS\SYSTEM32\ncrypt.dll
0x00007ff98cb20000 - 0x00007ff98cb5f000 	C:\WINDOWS\SYSTEM32\NTASN1.dll
0x00007ff98c960000 - 0x00007ff98c97c000 	C:\WINDOWS\SYSTEM32\CRYPTSP.dll
0x00007ff98c090000 - 0x00007ff98c0ca000 	C:\WINDOWS\system32\rsaenh.dll
0x00007ff98c760000 - 0x00007ff98c78b000 	C:\WINDOWS\SYSTEM32\USERENV.dll
0x00007ff98d270000 - 0x00007ff98d296000 	C:\WINDOWS\SYSTEM32\bcrypt.dll
0x00007ff98c980000 - 0x00007ff98c98c000 	C:\WINDOWS\SYSTEM32\CRYPTBASE.dll
0x00007ff98bb90000 - 0x00007ff98bbc3000 	C:\WINDOWS\SYSTEM32\IPHLPAPI.DLL
0x00007ff98e1d0000 - 0x00007ff98e1da000 	C:\WINDOWS\System32\NSI.dll
0x00007ff98bbd0000 - 0x00007ff98bcf7000 	C:\WINDOWS\SYSTEM32\DNSAPI.dll
0x00007ff97b5b0000 - 0x00007ff97b5bb000 	C:\Windows\System32\rasadhlp.dll
0x00007ff97c3b0000 - 0x00007ff97c436000 	C:\WINDOWS\System32\fwpuclnt.dll
0x00007ff978f20000 - 0x00007ff978f30000 	C:\Users\joaoo\.jdks\openjdk-23.0.1\bin\verify.dll
0x00007ff95b2a0000 - 0x00007ff95b2a8000 	C:\WINDOWS\system32\wshunix.dll

dbghelp: loaded successfully - version: 4.0.5 - missing functions: none
symbol engine: initialized successfully - sym options: 0x614 - pdb path: .;C:\Users\joaoo\.jdks\openjdk-23.0.1\bin;C:\WINDOWS\SYSTEM32;C:\WINDOWS\WinSxS\amd64_microsoft.windows.common-controls_6595b64144ccf1df_6.0.26100.3912_none_3e07963ce335137e;C:\Users\joaoo\.jdks\openjdk-23.0.1\bin\server;C:\Program Files\JetBrains\IntelliJ IDEA Community Edition 2024.3.1\bin

VM Arguments:
jvm_args: -javaagent:C:\Program Files\JetBrains\IntelliJ IDEA Community Edition 2024.3.1\lib\idea_rt.jar=50832:C:\Program Files\JetBrains\IntelliJ IDEA Community Edition 2024.3.1\bin -Dfile.encoding=UTF-8 -Dsun.stdout.encoding=UTF-8 -Dsun.stderr.encoding=UTF-8 
java_command: transvic.transviconn.TransviconnApplication
java_class_path (initial): C:\meuscode\transviconn\transviconn\target\classes;C:\Users\joaoo\.m2\repository\org\springframework\boot\spring-boot-starter-data-jpa\3.4.5\spring-boot-starter-data-jpa-3.4.5.jar;C:\Users\joaoo\.m2\repository\org\springframework\boot\spring-boot-starter\3.4.5\spring-boot-starter-3.4.5.jar;C:\Users\joaoo\.m2\repository\org\springframework\boot\spring-boot-starter-logging\3.4.5\spring-boot-starter-logging-3.4.5.jar;C:\Users\joaoo\.m2\repository\ch\qos\logback\logback-classic\1.5.18\logback-classic-1.5.18.jar;C:\Users\joaoo\.m2\repository\ch\qos\logback\logback-core\1.5.18\logback-core-1.5.18.jar;C:\Users\joaoo\.m2\repository\org\apache\logging\log4j\log4j-to-slf4j\2.24.3\log4j-to-slf4j-2.24.3.jar;C:\Users\joaoo\.m2\repository\org\apache\logging\log4j\log4j-api\2.24.3\log4j-api-2.24.3.jar;C:\Users\joaoo\.m2\repository\org\slf4j\jul-to-slf4j\2.0.17\jul-to-slf4j-2.0.17.jar;C:\Users\joaoo\.m2\repository\jakarta\annotation\jakarta.annotation-api\2.1.1\jakarta.annotation-api-2.1.1.jar;C:\Users\joaoo\.m2\repository\org\yaml\snakeyaml\2.3\snakeyaml-2.3.jar;C:\Users\joaoo\.m2\repository\org\springframework\boot\spring-boot-starter-jdbc\3.4.5\spring-boot-starter-jdbc-3.4.5.jar;C:\Users\joaoo\.m2\repository\com\zaxxer\HikariCP\5.1.0\HikariCP-5.1.0.jar;C:\Users\joaoo\.m2\repository\org\springframework\spring-jdbc\6.2.6\spring-jdbc-6.2.6.jar;C:\Users\joaoo\.m2\repository\org\hibernate\orm\hibernate-core\6.6.13.Final\hibernate-core-6.6.13.Final.jar;C:\Users\joaoo\.m2\repository\jakarta\persistence\jakarta.persistence-api\3.1.0\jakarta.persistence-api-3.1.0.jar;C:\Users\joaoo\.m2\repository\jakarta\transaction\jakarta.transaction-api\2.0.1\jakarta.transaction-api-2.0.1.jar;C:\Users\joaoo\.m2\repository\org\jboss\logging\jboss-logging\3.6.1.Final\jboss-logging-3.6.1.Final.jar;C:\Users\joaoo\.m2\repository\org\hibernate\common\hibernate-commons-annotations\7.0.3.Final\hibernate-commons-annotations-7.0.3.Final.jar;C:\Users\joaoo\.m2\repository\io\smallrye\jandex\3.2.0\jandex-3.2.0.jar;C:\Users\joaoo\.m2\repository\com\fasterxml\classmate\1.7.0\classmate-1.7.0.jar;C:\Users\joaoo\.m2\repository\net\bytebuddy\byte-buddy\1.15.11\byte-buddy-1.15.11.jar;C:\Users\joaoo\.m2\repository\org\glassfish\jaxb\jaxb-runtime\4.0.5\jaxb-runtime-4.0.5.jar;C:\Users\joaoo\.m2\repository\org\glassfish\jaxb\jaxb-core\4.0.5\jaxb-core-4.0.5.jar;C:\Users\joaoo\.m2\repository\org\eclipse\angus\angus-activation\2.0.2\angus-activation-2.0.2.jar;C:\Users\joaoo\.m2\repository\org\glassfish\jaxb\txw2\4.0.5\txw2-4.0.5.jar;C:\Users\joaoo\.m2\repository\com\sun\istack\istack-commons-runtime\4.1.2\istack-commons-runtime-4.1.2.jar;C:\Users\joaoo\.m2\repository\jakarta\inject\jakarta.inject-api\2.0.1\jakarta.inject-api-2.0.1.jar;C:\Users\joaoo\.m2\repository\org\antlr\antlr4-runtime\4.13.0\antlr4-runtime-4.13.0.jar;C:\Users\joaoo\.m2\repository\org\springframework\data\spring-data-jpa\3.4.5\spring-data-jpa-3.4.5.jar;C:\Users\joaoo\.m2\repository\org\springframework\data\spring-data-commons\3.4.5\spring-data-commons-3.4.5.jar;C:\Users\joaoo\.m2\repository\org\springframework\spring-orm\6.2.6\spring-orm-6.2.6.jar;C:\Users\joaoo\.m2\repository\org\springframework\spring-context\6.2.6\spring-context-6.2.6.jar;C:\Users\joaoo\.m2\repository\org\springframework\spring-aop\6.2.6\spring-aop-6.2.6.jar;C:\Users\joaoo\.m2\repository\org\springframework\spring-tx\6.2.6\spring-tx-6.2.6.jar;C:\Users\joaoo\.m2\repository\org\springframework\spring-beans\6.2.6\spring-beans-6.2.6.jar;C:\Users\joaoo\.m2\repository\org\slf4j\slf4j-api\2.0.17\slf4j-api-2.0.17.jar;C:\Users\joaoo\.m2\repository\org\springframework\spring-aspects\6.2.6\spring-aspects-6.2.6.jar;C:\Users\joaoo\.m2\repository\org\aspectj\aspectjweaver\1.9.24\aspectjweaver-1.9.24.jar;C:\Users\joaoo\.m2\repository\org\springframework\boot\spring-boot-starter-validation\3.4.5\spring-boot-starter-validation-3.4.5.jar;C:\Users\joaoo\.m2\repository\org\apache\tomcat\embed\tomcat-embed-el\10.1.40\tomcat-embed-el-10.1.40.jar;C:\Users\joaoo\.m2\repository\org\hibernate\validator\hibernate-validator\8.0.2.Final\hibernate-validator-8.0.2.Final.jar;C:\Users\joaoo\.m2\repository\jakarta\validation\jakarta.validation-api\3.0.2\jakarta.validation-api-3.0.2.jar;C:\Users\joaoo\.m2\repository\org\springframework\boot\spring-boot-starter-web\3.4.5\spring-boot-starter-web-3.4.5.jar;C:\Users\joaoo\.m2\repository\org\springframework\boot\spring-boot-starter-json\3.4.5\spring-boot-starter-json-3.4.5.jar;C:\Users\joaoo\.m2\repository\com\fasterxml\jackson\core\jackson-databind\2.18.3\jackson-databind-2.18.3.jar;C:\Users\joaoo\.m2\repository\com\fasterxml\jackson\datatype\jackson-datatype-jdk8\2.18.3\jackson-datatype-jdk8-2.18.3.jar;C:\Users\joaoo\.m2\repository\com\fasterxml\jackson\module\jackson-module-parameter-names\2.18.3\jackson-module-parameter-names-2.18.3.jar;C:\Users\joaoo\.m2\repository\org\springframework\boot\spring-boot-starter-tomcat\3.4.5\spring-boot-starter-tomcat-3.4.5.jar;C:\Users\joaoo\.m2\repository\org\apache\tomcat\embed\tomcat-embed-core\10.1.40\tomcat-embed-core-10.1.40.jar;C:\Users\joaoo\.m2\repository\org\apache\tomcat\embed\tomcat-embed-websocket\10.1.40\tomcat-embed-websocket-10.1.40.jar;C:\Users\joaoo\.m2\repository\org\springframework\spring-web\6.2.6\spring-web-6.2.6.jar;C:\Users\joaoo\.m2\repository\io\micrometer\micrometer-observation\1.14.6\micrometer-observation-1.14.6.jar;C:\Users\joaoo\.m2\repository\io\micrometer\micrometer-commons\1.14.6\micrometer-commons-1.14.6.jar;C:\Users\joaoo\.m2\repository\org\springframework\spring-webmvc\6.2.6\spring-webmvc-6.2.6.jar;C:\Users\joaoo\.m2\repository\org\springframework\spring-expression\6.2.6\spring-expression-6.2.6.jar;C:\Users\joaoo\.m2\repository\org\flywaydb\flyway-core\10.20.1\flyway-core-10.20.1.jar;C:\Users\joaoo\.m2\repository\com\fasterxml\jackson\dataformat\jackson-dataformat-toml\2.18.3\jackson-dataformat-toml-2.18.3.jar;C:\Users\joaoo\.m2\repository\com\fasterxml\jackson\core\jackson-core\2.18.3\jackson-core-2.18.3.jar;C:\Users\joaoo\.m2\repository\com\fasterxml\jackson\datatype\jackson-datatype-jsr310\2.18.3\jackson-datatype-jsr310-2.18.3.jar;C:\Users\joaoo\.m2\repository\com\fasterxml\jackson\core\jackson-annotations\2.18.3\jackson-annotations-2.18.3.jar;C:\Users\joaoo\.m2\repository\org\flywaydb\flyway-mysql\10.20.1\flyway-mysql-10.20.1.jar;C:\Users\joaoo\.m2\repository\org\springframework\boot\spring-boot-devtools\3.4.5\spring-boot-devtools-3.4.5.jar;C:\Users\joaoo\.m2\repository\org\springframework\boot\spring-boot\3.4.5\spring-boot-3.4.5.jar;C:\Users\joaoo\.m2\repository\org\springframework\boot\spring-boot-autoconfigure\3.4.5\spring-boot-autoconfigure-3.4.5.jar;C:\Users\joaoo\.m2\repository\com\mysql\mysql-connector-j\9.1.0\mysql-connector-j-9.1.0.jar;C:\Users\joaoo\.m2\repository\org\projectlombok\lombok\1.18.38\lombok-1.18.38.jar;C:\Users\joaoo\.m2\repository\jakarta\xml\bind\jakarta.xml.bind-api\4.0.2\jakarta.xml.bind-api-4.0.2.jar;C:\Users\joaoo\.m2\repository\jakarta\activation\jakarta.activation-api\2.1.3\jakarta.activation-api-2.1.3.jar;C:\Users\joaoo\.m2\repository\org\springframework\spring-core\6.2.6\spring-core-6.2.6.jar;C:\Users\joaoo\.m2\repository\org\springframework\spring-jcl\6.2.6\spring-jcl-6.2.6.jar
Launcher Type: SUN_STANDARD

[Global flags]
     intx CICompilerCount                          = 2                                         {product} {ergonomic}
     uint ConcGCThreads                            = 1                                         {product} {ergonomic}
     uint G1ConcRefinementThreads                  = 2                                         {product} {ergonomic}
   size_t G1HeapRegionSize                         = 1048576                                   {product} {ergonomic}
   size_t InitialHeapSize                          = 62914560                                  {product} {ergonomic}
   size_t MarkStackSize                            = 4194304                                   {product} {ergonomic}
   size_t MarkStackSizeMax                         = 536870912                                 {product} {ergonomic}
   size_t MaxHeapSize                              = 981467136                                 {product} {ergonomic}
   size_t MaxNewSize                               = 588251136                                 {product} {ergonomic}
   size_t MinHeapDeltaBytes                        = 1048576                                   {product} {ergonomic}
   size_t MinHeapSize                              = 8388608                                   {product} {ergonomic}
    uintx NonNMethodCodeHeapSize                   = 5767168                                {pd product} {ergonomic}
    uintx NonProfiledCodeHeapSize                  = 123011072                              {pd product} {ergonomic}
    uintx ProfiledCodeHeapSize                     = 122880000                              {pd product} {ergonomic}
    uintx ReservedCodeCacheSize                    = 251658240                              {pd product} {ergonomic}
     bool SegmentedCodeCache                       = true                                      {product} {ergonomic}
   size_t SoftMaxHeapSize                          = 981467136                              {manageable} {ergonomic}
     bool UseCompressedOops                        = true                           {product lp64_product} {ergonomic}
     bool UseG1GC                                  = true                                      {product} {ergonomic}
     bool UseLargePagesIndividualAllocation        = false                                  {pd product} {ergonomic}

Logging:
Log output configuration:
 #0: stdout all=warning uptime,level,tags foldmultilines=false
 #1: stderr all=off uptime,level,tags foldmultilines=false

Environment Variables:
JAVA_HOME=C:\Users\joaoo\Downloads\jdk-17.0.12_windows-x64_bin.exe
PATH=C:\Program Files\Common Files\Oracle\Java\javapath;C:\;C:\WINDOWS;C:\WINDOWS\System32\Wbem;C:\PowerShell-7.4.6-win-x64;C:\WINDOWS\System32\OpenSSH\;C:\Program Files\MySQL\MySQL Server 8.0\bin;C:\mysql-installer-community-8.0.40.0.msi;C:\WINDOWS\system32;C:\WINDOWS\System32\WindowsPowerShell\v1.0\;C:\Program Files\Docker\Docker\resources\bin;C:\Program Files\MySQL\MySQL Shell 8.0\bin\;C:\Users\joaoo\AppData\Local\Microsoft\WindowsApps;C:\apache-maven-3.9.9\bin;C:\PowerShell-7.4.6-win-x64;C:\mysql-installer-community-8.0.40.0.msi
USERNAME=joaoo
OS=Windows_NT
PROCESSOR_IDENTIFIER=Intel64 Family 6 Model 122 Stepping 8, GenuineIntel
TMP=C:\Users\joaoo\AppData\Local\Temp
TEMP=C:\Users\joaoo\AppData\Local\Temp




Periodic native trim disabled

---------------  S Y S T E M  ---------------

OS:
 Windows 11 , 64 bit Build 26100 (10.0.26100.3912)
OS uptime: 0 days 0:50 hours
Hyper-V role detected

CPU: total 2 (initial active 2) (2 cores per cpu, 1 threads per core) family 6 model 122 stepping 8 microcode 0x1a, cx8, cmov, fxsr, mmx, 3dnowpref, sse, sse2, sse3, ssse3, sse4.1, sse4.2, popcnt, tsc, tscinvbit, aes, erms, clmul, sha, clflush, clflushopt, hv, rdtscp, rdpid
Processor Information for the first 2 processors :
  Max Mhz: 1101, Current Mhz: 1101, Mhz Limit: 1101

Memory: 4k page, system-wide physical 3737M (305M free)
TotalPageFile size 15001M (AvailPageFile size 0M)
current process WorkingSet (physical memory assigned to process): 124M, peak: 235M
current process commit charge ("private bytes"): 275M, peak: 287M

vm_info: OpenJDK 64-Bit Server VM (23.0.1+11-39) for windows-amd64 JRE (23.0.1+11-39), built on 2024-09-30T07:20:43Z with MS VC++ 17.6 (VS2022)

END.
